<?xml version="1.0" encoding="UTF-8"?>
<!-- Generated by org.testng.reporters.JUnitXMLReporter -->
<testsuite ignored="8" hostname="DESKTOP-2BRNHOC" failures="0" tests="5" name="paraBankTestcases" time="13.722" errors="0" timestamp="2021-11-16T23:36:29 IST">
  <testcase classname="testCases.loginPage" name="verifyloginpage" time="4.389"/>
  <testcase classname="testCases.updateProfile" name="updateprofile" time="2.393"/>
  <testcase classname="testCases.openAccount" name="openaccount" time="1.555"/>
  <testcase classname="testCases.billPay" name="paybill" time="2.596"/>
  <testcase classname="testCases.applyLoan" name="applyloan" time="2.711"/>
  <testcase classname="commanFunctions.commanFunctions" name="@BeforeSuite launchBroswer" time="0.0">
    <ignored/>
  </testcase> <!-- @BeforeSuite launchBroswer -->
  <testcase classname="commanFunctions.commanFunctions" name="@BeforeSuite launchBroswer" time="0.0">
    <ignored/>
  </testcase> <!-- @BeforeSuite launchBroswer -->
  <testcase classname="commanFunctions.commanFunctions" name="@BeforeSuite launchBroswer" time="0.0">
    <ignored/>
  </testcase> <!-- @BeforeSuite launchBroswer -->
  <testcase classname="commanFunctions.commanFunctions" name="@BeforeSuite launchBroswer" time="0.0">
    <ignored/>
  </testcase> <!-- @BeforeSuite launchBroswer -->
  <testcase classname="commanFunctions.commanFunctions" name="@AfterSuite driverclose" time="0.0">
    <ignored/>
  </testcase> <!-- @AfterSuite driverclose -->
  <testcase classname="commanFunctions.commanFunctions" name="@AfterSuite driverclose" time="0.0">
    <ignored/>
  </testcase> <!-- @AfterSuite driverclose -->
  <testcase classname="commanFunctions.commanFunctions" name="@AfterSuite driverclose" time="0.0">
    <ignored/>
  </testcase> <!-- @AfterSuite driverclose -->
  <testcase classname="commanFunctions.commanFunctions" name="@AfterSuite driverclose" time="0.0">
    <ignored/>
  </testcase> <!-- @AfterSuite driverclose -->
</testsuite> <!-- paraBankTestcases -->
