<?xml version="1.0" encoding="UTF-8"?>
<testng-results ignored="8" total="13" passed="5" failed="0" skipped="0">
  <reporter-output>
  </reporter-output>
  <suite started-at="2021-11-16T23:36:15 IST" name="parabank" finished-at="2021-11-16T23:36:29 IST" duration-ms="13722">
    <groups>
    </groups>
    <test started-at="2021-11-16T23:36:15 IST" name="paraBankTestcases" finished-at="2021-11-16T23:36:29 IST" duration-ms="13722">
      <class name="testCases.updateProfile">
        <test-method signature="updateprofile()[pri:0, instance:testCases.updateProfile@7e0b85f9]" started-at="2021-11-16T23:36:19 IST" name="updateprofile" finished-at="2021-11-16T23:36:22 IST" duration-ms="2393" status="PASS">
          <reporter-output>
          </reporter-output>
        </test-method> <!-- updateprofile -->
      </class> <!-- testCases.updateProfile -->
      <class name="testCases.applyLoan">
        <test-method signature="applyloan()[pri:0, instance:testCases.applyLoan@6a28ffa4]" started-at="2021-11-16T23:36:26 IST" name="applyloan" finished-at="2021-11-16T23:36:29 IST" duration-ms="2711" status="PASS">
          <reporter-output>
          </reporter-output>
        </test-method> <!-- applyloan -->
      </class> <!-- testCases.applyLoan -->
      <class name="testCases.billPay">
        <test-method signature="paybill()[pri:0, instance:testCases.billPay@9353778]" started-at="2021-11-16T23:36:23 IST" name="paybill" finished-at="2021-11-16T23:36:26 IST" duration-ms="2596" status="PASS">
          <reporter-output>
          </reporter-output>
        </test-method> <!-- paybill -->
      </class> <!-- testCases.billPay -->
      <class name="testCases.openAccount">
        <test-method signature="openaccount()[pri:0, instance:testCases.openAccount@63355449]" started-at="2021-11-16T23:36:22 IST" name="openaccount" finished-at="2021-11-16T23:36:23 IST" duration-ms="1555" status="PASS">
          <reporter-output>
          </reporter-output>
        </test-method> <!-- openaccount -->
      </class> <!-- testCases.openAccount -->
      <class name="testCases.loginPage">
        <test-method is-config="true" signature="launchBroswer()[pri:0, instance:testCases.loginPage@67a20f67]" started-at="2021-11-16T23:36:03 IST" name="launchBroswer" finished-at="2021-11-16T23:36:15 IST" duration-ms="11653" status="PASS">
          <reporter-output>
          </reporter-output>
        </test-method> <!-- launchBroswer -->
        <test-method signature="verifyloginpage()[pri:0, instance:testCases.loginPage@67a20f67]" started-at="2021-11-16T23:36:15 IST" name="verifyloginpage" finished-at="2021-11-16T23:36:19 IST" duration-ms="4389" status="PASS">
          <reporter-output>
          </reporter-output>
        </test-method> <!-- verifyloginpage -->
        <test-method is-config="true" signature="driverclose()[pri:0, instance:testCases.loginPage@67a20f67]" started-at="2021-11-16T23:36:29 IST" name="driverclose" finished-at="2021-11-16T23:36:29 IST" duration-ms="299" status="PASS">
          <reporter-output>
          </reporter-output>
        </test-method> <!-- driverclose -->
      </class> <!-- testCases.loginPage -->
    </test> <!-- paraBankTestcases -->
  </suite> <!-- parabank -->
</testng-results>
